*** Starting uWSGI 2.0.15 (64bit) on [Tue Jan 23 12:22:49 2018] ***
compiled with version: 5.4.0 20160609 on 23 January 2018 11:20:46
os: Linux-4.13.0-26-generic #29~16.04.2-Ubuntu SMP Tue Jan 9 22:00:44 UTC 2018
nodename: tanhc-samsung
machine: x86_64
clock source: unix
detected number of CPU cores: 8
current working directory: /home/tanhc/Documents/python/flask
detected binary path: /usr/local/bin/uwsgi
!!! no internal routing support, rebuild with pcre support !!!
your processes number limit is 63587
your memory page size is 4096 bytes
detected max file descriptor number: 1024
lock engine: pthread robust mutexes
thunder lock: disabled (you can enable it with --thunder-lock)
uwsgi socket 0 bound to TCP address 127.0.0.1:8080 fd 3
Python version: 3.5.2 (default, Nov 23 2017, 16:37:01)  [GCC 5.4.0 20160609]
*** Python threads support is disabled. You can enable it with --enable-threads ***
Python main interpreter initialized at 0xe7c180
your server socket listen backlog is limited to 100 connections
your mercy for graceful operations on workers is 60 seconds
mapped 436560 bytes (426 KB) for 5 cores
*** Operational MODE: preforking ***
WSGI app 0 (mountpoint='') ready in 1 seconds on interpreter 0xe7c180 pid: 12299 (default app)
*** uWSGI is running in multiple interpreter mode ***
spawned uWSGI master process (pid: 12299)
spawned uWSGI worker 1 (pid: 12301, cores: 1)
spawned uWSGI worker 2 (pid: 12302, cores: 1)
spawned uWSGI worker 3 (pid: 12303, cores: 1)
spawned uWSGI worker 4 (pid: 12304, cores: 1)
spawned uWSGI worker 5 (pid: 12305, cores: 1)
[pid: 12301|app: 0|req: 1/1] 127.0.0.1 () {42 vars in 721 bytes} [Tue Jan 23 12:22:55 2018] GET / => generated 13 bytes in 1 msecs (HTTP/1.1 200) 2 headers in 79 bytes (1 switches on core 0)
SIGINT/SIGQUIT received...killing workers...
worker 1 buried after 1 seconds
worker 2 buried after 1 seconds
worker 3 buried after 1 seconds
worker 4 buried after 1 seconds
worker 5 buried after 1 seconds
goodbye to uWSGI.
*** Starting uWSGI 2.0.15 (64bit) on [Tue Jan 23 12:43:41 2018] ***
compiled with version: 5.4.0 20160609 on 23 January 2018 11:20:46
os: Linux-4.13.0-26-generic #29~16.04.2-Ubuntu SMP Tue Jan 9 22:00:44 UTC 2018
nodename: tanhc-samsung
machine: x86_64
clock source: unix
detected number of CPU cores: 8
current working directory: /home/tanhc/Documents/python/flask
detected binary path: /usr/local/bin/uwsgi
!!! no internal routing support, rebuild with pcre support !!!
your processes number limit is 63587
your memory page size is 4096 bytes
detected max file descriptor number: 1024
lock engine: pthread robust mutexes
thunder lock: disabled (you can enable it with --thunder-lock)
uwsgi socket 0 bound to UNIX address /home/tanhc/Documents/python/flask/hello.sock fd 3
Python version: 3.5.2 (default, Nov 23 2017, 16:37:01)  [GCC 5.4.0 20160609]
*** Python threads support is disabled. You can enable it with --enable-threads ***
Python main interpreter initialized at 0x1b60de0
your server socket listen backlog is limited to 100 connections
your mercy for graceful operations on workers is 60 seconds
mapped 436560 bytes (426 KB) for 5 cores
*** Operational MODE: preforking ***
WSGI app 0 (mountpoint='') ready in 0 seconds on interpreter 0x1b60de0 pid: 13107 (default app)
*** uWSGI is running in multiple interpreter mode ***
spawned uWSGI master process (pid: 13107)
spawned uWSGI worker 1 (pid: 13109, cores: 1)
spawned uWSGI worker 2 (pid: 13110, cores: 1)
spawned uWSGI worker 3 (pid: 13111, cores: 1)
spawned uWSGI worker 4 (pid: 13112, cores: 1)
spawned uWSGI worker 5 (pid: 13113, cores: 1)
SIGINT/SIGQUIT received...killing workers...
worker 1 buried after 1 seconds
worker 2 buried after 1 seconds
worker 3 buried after 1 seconds
worker 4 buried after 1 seconds
worker 5 buried after 1 seconds
goodbye to uWSGI.
VACUUM: unix socket /home/tanhc/Documents/python/flask/hello.sock removed.
*** Starting uWSGI 2.0.15 (64bit) on [Tue Jan 23 12:43:56 2018] ***
compiled with version: 5.4.0 20160609 on 23 January 2018 11:20:46
os: Linux-4.13.0-26-generic #29~16.04.2-Ubuntu SMP Tue Jan 9 22:00:44 UTC 2018
nodename: tanhc-samsung
machine: x86_64
clock source: unix
detected number of CPU cores: 8
current working directory: /home/tanhc/Documents/python/flask
detected binary path: /usr/local/bin/uwsgi
!!! no internal routing support, rebuild with pcre support !!!
your processes number limit is 63587
your memory page size is 4096 bytes
detected max file descriptor number: 1024
lock engine: pthread robust mutexes
thunder lock: disabled (you can enable it with --thunder-lock)
uwsgi socket 0 bound to UNIX address /home/tanhc/Documents/python/flask/hello.sock fd 3
Python version: 3.5.2 (default, Nov 23 2017, 16:37:01)  [GCC 5.4.0 20160609]
*** Python threads support is disabled. You can enable it with --enable-threads ***
Python main interpreter initialized at 0x1972de0
your server socket listen backlog is limited to 100 connections
your mercy for graceful operations on workers is 60 seconds
mapped 436560 bytes (426 KB) for 5 cores
*** Operational MODE: preforking ***
WSGI app 0 (mountpoint='') ready in 0 seconds on interpreter 0x1972de0 pid: 13135 (default app)
*** uWSGI is running in multiple interpreter mode ***
spawned uWSGI master process (pid: 13135)
spawned uWSGI worker 1 (pid: 13137, cores: 1)
spawned uWSGI worker 2 (pid: 13138, cores: 1)
spawned uWSGI worker 3 (pid: 13139, cores: 1)
spawned uWSGI worker 4 (pid: 13140, cores: 1)
spawned uWSGI worker 5 (pid: 13141, cores: 1)
SIGINT/SIGQUIT received...killing workers...
worker 1 buried after 1 seconds
worker 2 buried after 1 seconds
worker 3 buried after 1 seconds
worker 4 buried after 1 seconds
worker 5 buried after 1 seconds
goodbye to uWSGI.
VACUUM: unix socket /home/tanhc/Documents/python/flask/hello.sock removed.
*** Starting uWSGI 2.0.15 (64bit) on [Tue Jan 23 12:44:18 2018] ***
compiled with version: 5.4.0 20160609 on 23 January 2018 11:20:46
os: Linux-4.13.0-26-generic #29~16.04.2-Ubuntu SMP Tue Jan 9 22:00:44 UTC 2018
nodename: tanhc-samsung
machine: x86_64
clock source: unix
detected number of CPU cores: 8
current working directory: /home/tanhc/Documents/python/flask
detected binary path: /usr/local/bin/uwsgi
!!! no internal routing support, rebuild with pcre support !!!
uWSGI running as root, you can use --uid/--gid/--chroot options
*** WARNING: you are running uWSGI as root !!! (use the --uid flag) *** 
your processes number limit is 63587
your memory page size is 4096 bytes
detected max file descriptor number: 1024
lock engine: pthread robust mutexes
thunder lock: disabled (you can enable it with --thunder-lock)
uwsgi socket 0 bound to UNIX address /home/tanhc/Documents/python/flask/hello.sock fd 3
Python version: 3.5.2 (default, Nov 23 2017, 16:37:01)  [GCC 5.4.0 20160609]
*** Python threads support is disabled. You can enable it with --enable-threads ***
Python main interpreter initialized at 0xfb8fc0
your server socket listen backlog is limited to 100 connections
your mercy for graceful operations on workers is 60 seconds
mapped 436560 bytes (426 KB) for 5 cores
*** Operational MODE: preforking ***
WSGI app 0 (mountpoint='') ready in 0 seconds on interpreter 0xfb8fc0 pid: 13182 (default app)
*** uWSGI is running in multiple interpreter mode ***
spawned uWSGI master process (pid: 13182)
spawned uWSGI worker 1 (pid: 13184, cores: 1)
spawned uWSGI worker 2 (pid: 13185, cores: 1)
spawned uWSGI worker 3 (pid: 13186, cores: 1)
spawned uWSGI worker 4 (pid: 13187, cores: 1)
spawned uWSGI worker 5 (pid: 13188, cores: 1)
SIGINT/SIGQUIT received...killing workers...
worker 1 buried after 1 seconds
worker 2 buried after 1 seconds
worker 3 buried after 1 seconds
worker 4 buried after 1 seconds
worker 5 buried after 1 seconds
goodbye to uWSGI.
VACUUM: unix socket /home/tanhc/Documents/python/flask/hello.sock removed.
*** Starting uWSGI 2.0.15 (64bit) on [Tue Jan 23 12:45:07 2018] ***
compiled with version: 5.4.0 20160609 on 23 January 2018 11:20:46
os: Linux-4.13.0-26-generic #29~16.04.2-Ubuntu SMP Tue Jan 9 22:00:44 UTC 2018
nodename: tanhc-samsung
machine: x86_64
clock source: unix
detected number of CPU cores: 8
current working directory: /home/tanhc/Documents/python/flask
detected binary path: /usr/local/bin/uwsgi
!!! no internal routing support, rebuild with pcre support !!!
uWSGI running as root, you can use --uid/--gid/--chroot options
*** WARNING: you are running uWSGI as root !!! (use the --uid flag) *** 
your processes number limit is 63587
your memory page size is 4096 bytes
detected max file descriptor number: 1024
lock engine: pthread robust mutexes
thunder lock: disabled (you can enable it with --thunder-lock)
uwsgi socket 0 bound to TCP address 127.0.0.1:8080 fd 3
Python version: 3.5.2 (default, Nov 23 2017, 16:37:01)  [GCC 5.4.0 20160609]
*** Python threads support is disabled. You can enable it with --enable-threads ***
Python main interpreter initialized at 0x1900360
your server socket listen backlog is limited to 100 connections
your mercy for graceful operations on workers is 60 seconds
mapped 436560 bytes (426 KB) for 5 cores
*** Operational MODE: preforking ***
WSGI app 0 (mountpoint='') ready in 0 seconds on interpreter 0x1900360 pid: 13466 (default app)
*** uWSGI is running in multiple interpreter mode ***
spawned uWSGI master process (pid: 13466)
spawned uWSGI worker 1 (pid: 13468, cores: 1)
spawned uWSGI worker 2 (pid: 13469, cores: 1)
spawned uWSGI worker 3 (pid: 13470, cores: 1)
spawned uWSGI worker 4 (pid: 13471, cores: 1)
spawned uWSGI worker 5 (pid: 13472, cores: 1)
[pid: 13470|app: 0|req: 1/1] 127.0.0.1 () {42 vars in 721 bytes} [Tue Jan 23 12:45:16 2018] GET / => generated 13 bytes in 2 msecs (HTTP/1.1 200) 2 headers in 79 bytes (1 switches on core 0)
[pid: 13468|app: 0|req: 1/2] 127.0.0.1 () {42 vars in 721 bytes} [Tue Jan 23 14:16:23 2018] GET / => generated 13 bytes in 3 msecs (HTTP/1.1 200) 2 headers in 79 bytes (1 switches on core 0)
[pid: 13472|app: 0|req: 1/3] 127.0.0.1 () {42 vars in 721 bytes} [Tue Jan 23 14:16:25 2018] GET / => generated 13 bytes in 1 msecs (HTTP/1.1 200) 2 headers in 79 bytes (1 switches on core 0)
[pid: 13468|app: 0|req: 2/4] 127.0.0.1 () {40 vars in 690 bytes} [Tue Jan 23 14:32:27 2018] GET / => generated 13 bytes in 0 msecs (HTTP/1.1 200) 2 headers in 79 bytes (1 switches on core 0)
[pid: 13468|app: 0|req: 3/5] 127.0.0.1 () {42 vars in 721 bytes} [Tue Jan 23 14:32:36 2018] GET / => generated 13 bytes in 0 msecs (HTTP/1.1 200) 2 headers in 79 bytes (1 switches on core 0)
SIGINT/SIGQUIT received...killing workers...
worker 1 buried after 1 seconds
worker 2 buried after 1 seconds
worker 3 buried after 1 seconds
worker 4 buried after 1 seconds
worker 5 buried after 1 seconds
goodbye to uWSGI.
*** Starting uWSGI 2.0.15 (64bit) on [Tue Jan 23 14:32:48 2018] ***
compiled with version: 5.4.0 20160609 on 23 January 2018 11:20:46
os: Linux-4.13.0-26-generic #29~16.04.2-Ubuntu SMP Tue Jan 9 22:00:44 UTC 2018
nodename: tanhc-samsung
machine: x86_64
clock source: unix
detected number of CPU cores: 8
current working directory: /home/tanhc/Documents/python/flask
detected binary path: /usr/local/bin/uwsgi
!!! no internal routing support, rebuild with pcre support !!!
uWSGI running as root, you can use --uid/--gid/--chroot options
*** WARNING: you are running uWSGI as root !!! (use the --uid flag) *** 
your processes number limit is 63587
your memory page size is 4096 bytes
detected max file descriptor number: 1024
lock engine: pthread robust mutexes
thunder lock: disabled (you can enable it with --thunder-lock)
uwsgi socket 0 bound to TCP address 127.0.0.1:8080 fd 3
Python version: 3.5.2 (default, Nov 23 2017, 16:37:01)  [GCC 5.4.0 20160609]
*** Python threads support is disabled. You can enable it with --enable-threads ***
Python main interpreter initialized at 0x1538360
your server socket listen backlog is limited to 100 connections
your mercy for graceful operations on workers is 60 seconds
mapped 436560 bytes (426 KB) for 5 cores
*** Operational MODE: preforking ***
WSGI app 0 (mountpoint='') ready in 0 seconds on interpreter 0x1538360 pid: 14758 (default app)
*** uWSGI is running in multiple interpreter mode ***
spawned uWSGI master process (pid: 14758)
spawned uWSGI worker 1 (pid: 14760, cores: 1)
spawned uWSGI worker 2 (pid: 14761, cores: 1)
spawned uWSGI worker 3 (pid: 14762, cores: 1)
spawned uWSGI worker 4 (pid: 14763, cores: 1)
spawned uWSGI worker 5 (pid: 14764, cores: 1)
[pid: 14761|app: 0|req: 1/1] 127.0.0.1 () {42 vars in 721 bytes} [Tue Jan 23 14:32:51 2018] GET / => generated 156687 bytes in 2 msecs (HTTP/1.1 200) 2 headers in 83 bytes (1 switches on core 0)
[pid: 14764|app: 0|req: 1/2] 127.0.0.1 () {40 vars in 760 bytes} [Tue Jan 23 14:32:51 2018] GET /images/branding/googlelogo/2x/googlelogo_color_120x44dp.png => generated 233 bytes in 8 msecs (HTTP/1.1 404) 2 headers in 72 bytes (1 switches on core 0)
[pid: 14763|app: 0|req: 1/4] 127.0.0.1 () {40 vars in 760 bytes} [Tue Jan 23 14:32:51 2018] GET /images/branding/googlelogo/1x/googlelogo_color_272x92dp.png => generated 233 bytes in 9 msecs (HTTP/1.1 404) 2 headers in 72 bytes (1 switches on core 0)
[pid: 14760|app: 0|req: 1/4] 127.0.0.1 () {40 vars in 922 bytes} [Tue Jan 23 14:32:51 2018] GET /xjs/_/js/k=xjs.s.zh_CN.0iDS9BHmaw0.O/m=sx,sb,cdos,cr,elog,hsm,jsa,r,d,csi/am=wCL0eMEDEP8fAopEKwgsWBpgGBo/rt=j/d=1/t=zcms/rs=ACT90oGZnbCRRmd2Kf3FZYHGg6opHZLwAw => generated 233 bytes in 9 msecs (HTTP/1.1 404) 2 headers in 72 bytes (1 switches on core 0)
[pid: 14762|app: 0|req: 1/5] 127.0.0.1 () {40 vars in 1077 bytes} [Tue Jan 23 14:32:51 2018] GET /xjs/_/js/k=xjs.s.zh_CN.xObH3s3Coxw.O/m=d3l,udlg,aa,abd,async,dvl,foot,fpe,ipv6,lu,m,mu,sf,sonic,spch/am=wCL0eMEDEP8fAopEKwgsWBpgGBo/exm=sx,sb,cdos,cr,elog,hsm,jsa,r,d,csi/rt=j/d=1/ed=1/t=zcms/rs=ACT90oHmfgD1CybF8ebTBD3Ru7LjjbN72A?xjs=s1 => generated 233 bytes in 8 msecs (HTTP/1.1 404) 2 headers in 72 bytes (1 switches on core 0)
[pid: 14760|app: 0|req: 2/6] 127.0.0.1 () {40 vars in 922 bytes} [Tue Jan 23 14:32:51 2018] GET /xjs/_/js/k=xjs.s.zh_CN.0iDS9BHmaw0.O/m=sx,sb,cdos,cr,elog,hsm,jsa,r,d,csi/am=wCL0eMEDEP8fAopEKwgsWBpgGBo/rt=j/d=1/t=zcms/rs=ACT90oGZnbCRRmd2Kf3FZYHGg6opHZLwAw => generated 233 bytes in 0 msecs (HTTP/1.1 404) 2 headers in 72 bytes (1 switches on core 0)
[pid: 14760|app: 0|req: 3/7] 127.0.0.1 () {40 vars in 1077 bytes} [Tue Jan 23 14:32:52 2018] GET /xjs/_/js/k=xjs.s.zh_CN.xObH3s3Coxw.O/m=d3l,udlg,aa,abd,async,dvl,foot,fpe,ipv6,lu,m,mu,sf,sonic,spch/am=wCL0eMEDEP8fAopEKwgsWBpgGBo/exm=sx,sb,cdos,cr,elog,hsm,jsa,r,d,csi/rt=j/d=1/ed=1/t=zcms/rs=ACT90oHmfgD1CybF8ebTBD3Ru7LjjbN72A?xjs=s1 => generated 233 bytes in 0 msecs (HTTP/1.1 404) 2 headers in 72 bytes (1 switches on core 0)
[pid: 14760|app: 0|req: 4/8] 127.0.0.1 () {40 vars in 686 bytes} [Tue Jan 23 14:32:52 2018] GET /images/nav_logo242.png => generated 233 bytes in 0 msecs (HTTP/1.1 404) 2 headers in 72 bytes (1 switches on core 0)
[pid: 14760|app: 0|req: 5/9] 127.0.0.1 () {40 vars in 690 bytes} [Tue Jan 23 15:20:17 2018] GET / => generated 156687 bytes in 0 msecs (HTTP/1.1 200) 2 headers in 83 bytes (1 switches on core 0)
[pid: 14761|app: 0|req: 2/10] 127.0.0.1 () {40 vars in 760 bytes} [Tue Jan 23 15:20:17 2018] GET /images/branding/googlelogo/2x/googlelogo_color_120x44dp.png => generated 233 bytes in 12 msecs (HTTP/1.1 404) 2 headers in 72 bytes (1 switches on core 0)
[pid: 14761|app: 0|req: 3/11] 127.0.0.1 () {40 vars in 922 bytes} [Tue Jan 23 15:20:17 2018] GET /xjs/_/js/k=xjs.s.zh_CN.0iDS9BHmaw0.O/m=sx,sb,cdos,cr,elog,hsm,jsa,r,d,csi/am=wCL0eMEDEP8fAopEKwgsWBpgGBo/rt=j/d=1/t=zcms/rs=ACT90oGZnbCRRmd2Kf3FZYHGg6opHZLwAw => generated 233 bytes in 0 msecs (HTTP/1.1 404) 2 headers in 72 bytes (1 switches on core 0)
[pid: 14761|app: 0|req: 4/12] 127.0.0.1 () {40 vars in 760 bytes} [Tue Jan 23 15:20:17 2018] GET /images/branding/googlelogo/1x/googlelogo_color_272x92dp.png => generated 233 bytes in 0 msecs (HTTP/1.1 404) 2 headers in 72 bytes (1 switches on core 0)
[pid: 14761|app: 0|req: 5/13] 127.0.0.1 () {40 vars in 1077 bytes} [Tue Jan 23 15:20:17 2018] GET /xjs/_/js/k=xjs.s.zh_CN.xObH3s3Coxw.O/m=d3l,udlg,aa,abd,async,dvl,foot,fpe,ipv6,lu,m,mu,sf,sonic,spch/am=wCL0eMEDEP8fAopEKwgsWBpgGBo/exm=sx,sb,cdos,cr,elog,hsm,jsa,r,d,csi/rt=j/d=1/ed=1/t=zcms/rs=ACT90oHmfgD1CybF8ebTBD3Ru7LjjbN72A?xjs=s1 => generated 233 bytes in 0 msecs (HTTP/1.1 404) 2 headers in 72 bytes (1 switches on core 0)
[pid: 14760|app: 0|req: 6/14] 127.0.0.1 () {40 vars in 922 bytes} [Tue Jan 23 15:20:17 2018] GET /xjs/_/js/k=xjs.s.zh_CN.0iDS9BHmaw0.O/m=sx,sb,cdos,cr,elog,hsm,jsa,r,d,csi/am=wCL0eMEDEP8fAopEKwgsWBpgGBo/rt=j/d=1/t=zcms/rs=ACT90oGZnbCRRmd2Kf3FZYHGg6opHZLwAw => generated 233 bytes in 0 msecs (HTTP/1.1 404) 2 headers in 72 bytes (1 switches on core 0)
[pid: 14761|app: 0|req: 6/15] 127.0.0.1 () {40 vars in 1077 bytes} [Tue Jan 23 15:20:17 2018] GET /xjs/_/js/k=xjs.s.zh_CN.xObH3s3Coxw.O/m=d3l,udlg,aa,abd,async,dvl,foot,fpe,ipv6,lu,m,mu,sf,sonic,spch/am=wCL0eMEDEP8fAopEKwgsWBpgGBo/exm=sx,sb,cdos,cr,elog,hsm,jsa,r,d,csi/rt=j/d=1/ed=1/t=zcms/rs=ACT90oHmfgD1CybF8ebTBD3Ru7LjjbN72A?xjs=s1 => generated 233 bytes in 0 msecs (HTTP/1.1 404) 2 headers in 72 bytes (1 switches on core 0)
[pid: 14760|app: 0|req: 7/16] 127.0.0.1 () {40 vars in 686 bytes} [Tue Jan 23 15:20:17 2018] GET /images/nav_logo242.png => generated 233 bytes in 0 msecs (HTTP/1.1 404) 2 headers in 72 bytes (1 switches on core 0)
SIGINT/SIGQUIT received...killing workers...
worker 1 buried after 1 seconds
worker 2 buried after 1 seconds
worker 3 buried after 1 seconds
worker 4 buried after 1 seconds
worker 5 buried after 1 seconds
goodbye to uWSGI.
*** Starting uWSGI 2.0.15 (64bit) on [Tue Jan 23 15:47:19 2018] ***
compiled with version: 5.4.0 20160609 on 23 January 2018 11:20:46
os: Linux-4.13.0-26-generic #29~16.04.2-Ubuntu SMP Tue Jan 9 22:00:44 UTC 2018
nodename: tanhc-samsung
machine: x86_64
clock source: unix
detected number of CPU cores: 8
current working directory: /home/tanhc/Documents/python/flask/hello
detected binary path: /usr/local/bin/uwsgi
!!! no internal routing support, rebuild with pcre support !!!
your processes number limit is 63587
your memory page size is 4096 bytes
detected max file descriptor number: 1024
lock engine: pthread robust mutexes
thunder lock: disabled (you can enable it with --thunder-lock)
uwsgi socket 0 bound to TCP address 127.0.0.1:8080 fd 3
Python version: 3.5.2 (default, Nov 23 2017, 16:37:01)  [GCC 5.4.0 20160609]
*** Python threads support is disabled. You can enable it with --enable-threads ***
Python main interpreter initialized at 0x1f121d0
your server socket listen backlog is limited to 100 connections
your mercy for graceful operations on workers is 60 seconds
mapped 436560 bytes (426 KB) for 5 cores
*** Operational MODE: preforking ***
WSGI app 0 (mountpoint='') ready in 0 seconds on interpreter 0x1f121d0 pid: 17073 (default app)
*** uWSGI is running in multiple interpreter mode ***
spawned uWSGI master process (pid: 17073)
spawned uWSGI worker 1 (pid: 17075, cores: 1)
spawned uWSGI worker 2 (pid: 17076, cores: 1)
spawned uWSGI worker 3 (pid: 17077, cores: 1)
spawned uWSGI worker 4 (pid: 17078, cores: 1)
spawned uWSGI worker 5 (pid: 17079, cores: 1)
[pid: 17076|app: 0|req: 1/1] 127.0.0.1 () {40 vars in 690 bytes} [Tue Jan 23 15:47:27 2018] GET / => generated 13 bytes in 1 msecs (HTTP/1.1 200) 2 headers in 79 bytes (1 switches on core 0)
SIGINT/SIGQUIT received...killing workers...
worker 1 buried after 1 seconds
worker 2 buried after 1 seconds
worker 3 buried after 1 seconds
worker 4 buried after 1 seconds
worker 5 buried after 1 seconds
goodbye to uWSGI.
